<?xml version="1.0" encoding="UTF-8"?>
<robot generator="Robot 6.0.2 (Python 3.11.2 on win32)" generated="20230304 21:15:30.726" rpa="false" schemaversion="3">
<suite id="s1" name="apagarIten" source="c:\Users\Pedro Barros\RobotSemComplicacao\apagarIten.robot">
<test id="s1-t1" name="TesteDxcluirCarrinho" line="30">
<kw name="Adicionar iten ao carrinho">
<kw name="Open Browser" library="SeleniumLibrary">
<arg>${Url}</arg>
<arg>chrome</arg>
<doc>Opens a new browser instance to the optional ``url``.</doc>
<msg timestamp="20230304 21:15:30.969" level="INFO">Opening browser 'chrome' to base url 'https://www.demoblaze.com'.</msg>
<status status="PASS" starttime="20230304 21:15:30.968" endtime="20230304 21:15:33.519"/>
</kw>
<kw name="Maximize Browser Window" library="SeleniumLibrary">
<doc>Maximizes current browser window.</doc>
<status status="PASS" starttime="20230304 21:15:33.519" endtime="20230304 21:15:33.646"/>
</kw>
<kw name="Click Link" library="SeleniumLibrary">
<arg>Laptops</arg>
<doc>Clicks a link identified by ``locator``.</doc>
<msg timestamp="20230304 21:15:33.648" level="INFO">Clicking link 'Laptops'.</msg>
<status status="PASS" starttime="20230304 21:15:33.647" endtime="20230304 21:15:33.701"/>
</kw>
<kw name="Wait Until Element Is Visible" library="SeleniumLibrary">
<arg>link=MacBook Pro</arg>
<doc>Waits until the element ``locator`` is visible.</doc>
<status status="PASS" starttime="20230304 21:15:33.701" endtime="20230304 21:15:34.647"/>
</kw>
<kw name="Click Link" library="SeleniumLibrary">
<arg>link=MacBook Pro</arg>
<doc>Clicks a link identified by ``locator``.</doc>
<msg timestamp="20230304 21:15:34.649" level="INFO">Clicking link 'link=MacBook Pro'.</msg>
<status status="PASS" starttime="20230304 21:15:34.649" endtime="20230304 21:15:35.139"/>
</kw>
<kw name="Wait Until Element Is Visible" library="SeleniumLibrary">
<arg>xpath=//div[2]//a</arg>
<doc>Waits until the element ``locator`` is visible.</doc>
<status status="PASS" starttime="20230304 21:15:35.139" endtime="20230304 21:15:35.604"/>
</kw>
<kw name="Click Element" library="SeleniumLibrary">
<arg>xpath=//div[2]//a</arg>
<doc>Click the element identified by ``locator``.</doc>
<msg timestamp="20230304 21:15:35.605" level="INFO">Clicking element 'xpath=//div[2]//a'.</msg>
<status status="PASS" starttime="20230304 21:15:35.604" endtime="20230304 21:15:35.639"/>
</kw>
<kw name="Alert Should Be Present" library="SeleniumLibrary">
<doc>Verifies that an alert is present and by default, accepts it.</doc>
<msg timestamp="20230304 21:15:35.639" level="INFO">HANDLE::&lt;class 'NoneType'&gt;::None</msg>
<status status="PASS" starttime="20230304 21:15:35.639" endtime="20230304 21:15:36.149"/>
</kw>
<status status="PASS" starttime="20230304 21:15:30.967" endtime="20230304 21:15:36.150"/>
</kw>
<kw name="Excluir iten do carrinho">
<kw name="Click Link" library="SeleniumLibrary">
<arg>link=Cart</arg>
<doc>Clicks a link identified by ``locator``.</doc>
<msg timestamp="20230304 21:15:36.153" level="INFO">Clicking link 'link=Cart'.</msg>
<status status="PASS" starttime="20230304 21:15:36.152" endtime="20230304 21:15:36.709"/>
</kw>
<kw name="Wait Until Element Is Visible" library="SeleniumLibrary">
<arg>link=Delete</arg>
<doc>Waits until the element ``locator`` is visible.</doc>
<status status="PASS" starttime="20230304 21:15:36.710" endtime="20230304 21:15:37.629"/>
</kw>
<kw name="Click Link" library="SeleniumLibrary">
<arg>link=Delete</arg>
<doc>Clicks a link identified by ``locator``.</doc>
<msg timestamp="20230304 21:15:37.631" level="INFO">Clicking link 'link=Delete'.</msg>
<status status="PASS" starttime="20230304 21:15:37.630" endtime="20230304 21:15:37.671"/>
</kw>
<status status="PASS" starttime="20230304 21:15:36.150" endtime="20230304 21:15:37.671"/>
</kw>
<status status="PASS" starttime="20230304 21:15:30.966" endtime="20230304 21:15:37.671"/>
</test>
<doc>Apagar iten do carrinho</doc>
<status status="PASS" starttime="20230304 21:15:30.731" endtime="20230304 21:15:37.672"/>
</suite>
<statistics>
<total>
<stat pass="1" fail="0" skip="0">All Tests</stat>
</total>
<tag>
</tag>
<suite>
<stat pass="1" fail="0" skip="0" id="s1" name="apagarIten">apagarIten</stat>
</suite>
</statistics>
<errors>
<msg timestamp="20230304 21:15:30.962" level="ERROR">Error in file 'c:\Users\Pedro Barros\RobotSemComplicacao\apagarIten.robot' on line 4: Resource file 'chronos.robot' does not exist.</msg>
</errors>
</robot>
